Using pre-set license
Built from '2020.2/release' branch; Version is '2020.2.1f1 (270dd8c3da1c) revision 2559448'; Using compiler version '192528614'; Build Type 'Release'
OS: 'Windows 10  (10.0.0) 64bit' Language: 'en' Physical Memory: 16335 MB
BatchMode: 1, IsHumanControllingUs: 0, StartBugReporterOnCrash: 0, Is64bit: 1, IsPro: 0

 COMMAND LINE ARGUMENTS:
C:\Program Files\Unity\Hub\Editor\2020.2.1f1\Editor\Unity.exe
-adb2
-batchMode
-noUpm
-name
AssetImportWorker0
-projectPath
C:/Projects/games-prototypes-vr/Template_Upd
-logFile
Logs/AssetImportWorker0.log
-srvPort
57902
Successfully changed project path to: C:/Projects/games-prototypes-vr/Template_Upd
C:/Projects/games-prototypes-vr/Template_Upd
Using Asset Import Pipeline V2.
Refreshing native plugins compatible for Editor in 52.68 ms, found 3 plugins.
Preloading 1 native plugins for Editor in 0.81 ms.
Initialize engine version: 2020.2.1f1 (270dd8c3da1c)
[Subsystems] Discovering subsystems at path C:/Program Files/Unity/Hub/Editor/2020.2.1f1/Editor/Data/Resources/UnitySubsystems
[Subsystems] Discovering subsystems at path C:/Projects/games-prototypes-vr/Template_Upd/Assets
GfxDevice: creating device client; threaded=0
Direct3D:
    Version:  Direct3D 11.0 [level 11.1]
    Renderer: NVIDIA GeForce GTX 1060 6GB (ID=0x1c03)
    Vendor:   
    VRAM:     6052 MB
    Driver:   27.21.14.6079
Shader 'Universal Render Pipeline/Particles/Lit': fallback shader 'Universal Render Pipeline/Particles/SimpleLit' not found
Initialize mono
Mono path[0] = 'C:/Program Files/Unity/Hub/Editor/2020.2.1f1/Editor/Data/Managed'
Mono path[1] = 'C:/Program Files/Unity/Hub/Editor/2020.2.1f1/Editor/Data/MonoBleedingEdge/lib/mono/unityjit'
Mono config path = 'C:/Program Files/Unity/Hub/Editor/2020.2.1f1/Editor/Data/MonoBleedingEdge/etc'
Using monoOptions --debugger-agent=transport=dt_socket,embedding=1,server=y,suspend=n,address=127.0.0.1:56012
Begin MonoManager ReloadAssembly
Registering precompiled unity dll's ...
Register platform support module: C:/Program Files/Unity/Hub/Editor/2020.2.1f1/Editor/Data/PlaybackEngines/WindowsStandaloneSupport/UnityEditor.WindowsStandalone.Extensions.dll
Registered in 0.001277 seconds.
Native extension for WindowsStandalone target not found
Refreshing native plugins compatible for Editor in 49.55 ms, found 3 plugins.
Preloading 1 native plugins for Editor in 0.08 ms.
Invoked RoslynAnalysisRunner static constructor.
RoslynAnalysisRunner will not be running.
RoslynAnalysisRunner has terminated.
Mono: successfully reloaded assembly
- Completed reload, in  1.747 seconds
Platform modules already initialized, skipping
Registering precompiled user dll's ...
Registered in 0.001785 seconds.
Begin MonoManager ReloadAssembly
Native extension for WindowsStandalone target not found
Refreshing native plugins compatible for Editor in 50.68 ms, found 3 plugins.
Preloading 1 native plugins for Editor in 0.07 ms.
Invoked RoslynAnalysisRunner static constructor.
RoslynAnalysisRunner will not be running.
RoslynAnalysisRunner has terminated.
NullReferenceException: Object reference not set to an instance of an object
  at Unity.XR.Oculus.OculusLoader.AssetPathToAbsolutePath (System.String assetPath) [0x0004c] in C:\Projects\games-prototypes-vr\Template_Upd\Library\PackageCache\com.unity.xr.oculus@1.6.1\Runtime\OculusLoader.cs:242 
  at Unity.XR.Oculus.OculusLoader.EditorLoadOVRPlugin () [0x000b0] in C:\Projects\games-prototypes-vr\Template_Upd\Library\PackageCache\com.unity.xr.oculus@1.6.1\Runtime\OculusLoader.cs:227 

(Filename: Library/PackageCache/com.unity.xr.oculus@1.6.1/Runtime/OculusLoader.cs Line: 242)

Mono: successfully reloaded assembly
- Completed reload, in  0.986 seconds
Platform modules already initialized, skipping
========================================================================
Worker process is ready to serve import requests
Shader 'Universal Render Pipeline/Particles/Lit': fallback shader 'Universal Render Pipeline/Particles/SimpleLit' not found
Launched and connected shader compiler UnityShaderCompiler.exe after 0.05 seconds
Refreshing native plugins compatible for Editor in 0.60 ms, found 3 plugins.
Preloading 1 native plugins for Editor in 0.08 ms.
Unloading 2988 Unused Serialized files (Serialized files now loaded: 0)
System memory in use before: 129.2 MB.
System memory in use after: 129.4 MB.

Unloading 14 unused Assets to reduce memory usage. Loaded Objects now: 3430.
Total: 2.360500 ms (FindLiveObjects: 0.325200 ms CreateObjectMapping: 0.087600 ms MarkObjects: 1.893400 ms  DeleteObjects: 0.053500 ms)

========================================================================
Received Import Request.
  path: Assets/Kugushev/Rendering/UniversalRenderPipelineAsset_Renderer.asset
  artifactKey: Guid(8e39b26e86e917845a75dbf3404dfad9) Importer(815301076,1909f56bfc062723c751e8b465ee728b)
Start importing Assets/Kugushev/Rendering/UniversalRenderPipelineAsset_Renderer.asset using Guid(8e39b26e86e917845a75dbf3404dfad9) Importer(815301076,1909f56bfc062723c751e8b465ee728b)  -> (artifact id: '898efb4ac0608886e02e839a12c24b68') in 0.082052 seconds
  Import took 0.088125 seconds .

========================================================================
Received Import Request.
  Time since last request: 0.000503 seconds.
  path: Assets/Kugushev/Rendering/UniversalRenderPipelineAsset.asset
  artifactKey: Guid(ab668cb2cb6d1c443b7e3183ec11d66e) Importer(815301076,1909f56bfc062723c751e8b465ee728b)
Start importing Assets/Kugushev/Rendering/UniversalRenderPipelineAsset.asset using Guid(ab668cb2cb6d1c443b7e3183ec11d66e) Importer(815301076,1909f56bfc062723c751e8b465ee728b)  -> (artifact id: 'd7d30d51d7d85595b343f11e5a47b65c') in 0.022209 seconds
  Import took 0.027956 seconds .

========================================================================
Received Prepare
Shader 'Universal Render Pipeline/Particles/Lit': fallback shader 'Universal Render Pipeline/Particles/SimpleLit' not found
Refreshing native plugins compatible for Editor in 1.53 ms, found 3 plugins.
Preloading 1 native plugins for Editor in 0.07 ms.
Unloading 52 Unused Serialized files (Serialized files now loaded: 0)
System memory in use before: 72.0 MB.
System memory in use after: 72.2 MB.

Unloading 4 unused Assets to reduce memory usage. Loaded Objects now: 3478.
Total: 2.831400 ms (FindLiveObjects: 0.328200 ms CreateObjectMapping: 0.080300 ms MarkObjects: 2.408400 ms  DeleteObjects: 0.013500 ms)

========================================================================
Received Import Request.
  Time since last request: 1275.337345 seconds.
  path: Assets/Kugushev/Rendering/UniversalRenderPipelineAsset.asset
  artifactKey: Guid(ab668cb2cb6d1c443b7e3183ec11d66e) Importer(815301076,1909f56bfc062723c751e8b465ee728b)
Start importing Assets/Kugushev/Rendering/UniversalRenderPipelineAsset.asset using Guid(ab668cb2cb6d1c443b7e3183ec11d66e) Importer(815301076,1909f56bfc062723c751e8b465ee728b)  -> (artifact id: 'c40947c4e7dccf304ac8cafa2a490b38') in 0.007160 seconds
  Import took 0.012373 seconds .

========================================================================
Received Import Request.
  Time since last request: 22.087866 seconds.
  path: Assets/Kugushev/Rendering/UniversalRenderPipelineAsset.asset
  artifactKey: Guid(ab668cb2cb6d1c443b7e3183ec11d66e) Importer(815301076,1909f56bfc062723c751e8b465ee728b)
Start importing Assets/Kugushev/Rendering/UniversalRenderPipelineAsset.asset using Guid(ab668cb2cb6d1c443b7e3183ec11d66e) Importer(815301076,1909f56bfc062723c751e8b465ee728b)  -> (artifact id: '7906a1c5d2404db76e398e71b06ff96e') in 0.003806 seconds
  Import took 0.008401 seconds .

========================================================================
Received Import Request.
  Time since last request: 5.433410 seconds.
  path: Assets/Kugushev/Rendering/UniversalRenderPipelineAsset_Renderer.asset
  artifactKey: Guid(8e39b26e86e917845a75dbf3404dfad9) Importer(815301076,1909f56bfc062723c751e8b465ee728b)
Start importing Assets/Kugushev/Rendering/UniversalRenderPipelineAsset_Renderer.asset using Guid(8e39b26e86e917845a75dbf3404dfad9) Importer(815301076,1909f56bfc062723c751e8b465ee728b)  -> (artifact id: '67b2fb7619e9c55188c1167019dcc6ad') in 0.002930 seconds
  Import took 0.007393 seconds .

========================================================================
Received Prepare
Registering precompiled user dll's ...
Registered in 0.001942 seconds.
Begin MonoManager ReloadAssembly
Native extension for WindowsStandalone target not found
Refreshing native plugins compatible for Editor in 0.64 ms, found 3 plugins.
Preloading 1 native plugins for Editor in 0.10 ms.
Invoked RoslynAnalysisRunner static constructor.
RoslynAnalysisRunner will not be running.
RoslynAnalysisRunner has terminated.
NullReferenceException: Object reference not set to an instance of an object
  at Unity.XR.Oculus.OculusLoader.AssetPathToAbsolutePath (System.String assetPath) [0x0004c] in C:\Projects\games-prototypes-vr\Template_Upd\Library\PackageCache\com.unity.xr.oculus@1.6.1\Runtime\OculusLoader.cs:242 
  at Unity.XR.Oculus.OculusLoader.EditorLoadOVRPlugin () [0x000b0] in C:\Projects\games-prototypes-vr\Template_Upd\Library\PackageCache\com.unity.xr.oculus@1.6.1\Runtime\OculusLoader.cs:227 

(Filename: Library/PackageCache/com.unity.xr.oculus@1.6.1/Runtime/OculusLoader.cs Line: 242)

Mono: successfully reloaded assembly
- Completed reload, in  0.915 seconds
Platform modules already initialized, skipping
Shader 'Universal Render Pipeline/Particles/Lit': fallback shader 'Universal Render Pipeline/Particles/SimpleLit' not found
Refreshing native plugins compatible for Editor in 0.62 ms, found 3 plugins.
Preloading 1 native plugins for Editor in 0.08 ms.
Unloading 2917 Unused Serialized files (Serialized files now loaded: 0)
System memory in use before: 128.3 MB.
System memory in use after: 128.5 MB.

Unloading 7 unused Assets to reduce memory usage. Loaded Objects now: 3483.
Total: 2.785200 ms (FindLiveObjects: 0.357800 ms CreateObjectMapping: 0.082100 ms MarkObjects: 2.323200 ms  DeleteObjects: 0.020900 ms)

AssetImportWorkerClient::OnTransportError - code=2 error=End of file
