Using pre-set license
Built from '2020.2/staging' branch; Version is '2020.2.3f1 (8ff31bc5bf5b) revision 9433883'; Using compiler version '192528614'; Build Type 'Release'
OS: 'Windows 10 Pro; OS build 18363.1379; Version 1909; 64bit' Language: 'en' Physical Memory: 16335 MB
BatchMode: 1, IsHumanControllingUs: 0, StartBugReporterOnCrash: 0, Is64bit: 1, IsPro: 0

 COMMAND LINE ARGUMENTS:
C:\Program Files\Unity\Hub\Editor\2020.2.3f1\Editor\Unity.exe
-adb2
-batchMode
-noUpm
-name
AssetImportWorker1
-projectPath
C:/Projects/games-prototypes-vr/SpaceFight
-logFile
Logs/AssetImportWorker1.log
-srvPort
54571
Successfully changed project path to: C:/Projects/games-prototypes-vr/SpaceFight
C:/Projects/games-prototypes-vr/SpaceFight
Using Asset Import Pipeline V2.
Refreshing native plugins compatible for Editor in 79.57 ms, found 3 plugins.
Preloading 1 native plugins for Editor in 1.14 ms.
Initialize engine version: 2020.2.3f1 (8ff31bc5bf5b)
[Subsystems] Discovering subsystems at path C:/Program Files/Unity/Hub/Editor/2020.2.3f1/Editor/Data/Resources/UnitySubsystems
[Subsystems] Discovering subsystems at path C:/Projects/games-prototypes-vr/SpaceFight/Assets
GfxDevice: creating device client; threaded=0
Direct3D:
    Version:  Direct3D 11.0 [level 11.1]
    Renderer: NVIDIA GeForce GTX 1060 6GB (ID=0x1c03)
    Vendor:   
    VRAM:     6052 MB
    Driver:   27.21.14.6109
Shader 'Universal Render Pipeline/Particles/Lit': fallback shader 'Universal Render Pipeline/Particles/SimpleLit' not found
Initialize mono
Mono path[0] = 'C:/Program Files/Unity/Hub/Editor/2020.2.3f1/Editor/Data/Managed'
Mono path[1] = 'C:/Program Files/Unity/Hub/Editor/2020.2.3f1/Editor/Data/MonoBleedingEdge/lib/mono/unityjit'
Mono config path = 'C:/Program Files/Unity/Hub/Editor/2020.2.3f1/Editor/Data/MonoBleedingEdge/etc'
Using monoOptions --debugger-agent=transport=dt_socket,embedding=1,server=y,suspend=n,address=127.0.0.1:56792
Begin MonoManager ReloadAssembly
Registering precompiled unity dll's ...
Register platform support module: C:/Program Files/Unity/Hub/Editor/2020.2.3f1/Editor/Data/PlaybackEngines/WindowsStandaloneSupport/UnityEditor.WindowsStandalone.Extensions.dll
Registered in 0.001388 seconds.
Native extension for WindowsStandalone target not found
Refreshing native plugins compatible for Editor in 51.60 ms, found 3 plugins.
Preloading 1 native plugins for Editor in 0.10 ms.
Invoked RoslynAnalysisRunner static constructor.
RoslynAnalysisRunner will not be running.
RoslynAnalysisRunner has terminated.
Mono: successfully reloaded assembly
- Completed reload, in  2.124 seconds
Platform modules already initialized, skipping
Registering precompiled user dll's ...
Registered in 0.001902 seconds.
Begin MonoManager ReloadAssembly
Native extension for WindowsStandalone target not found
Refreshing native plugins compatible for Editor in 53.87 ms, found 3 plugins.
Preloading 1 native plugins for Editor in 0.11 ms.
Invoked RoslynAnalysisRunner static constructor.
RoslynAnalysisRunner will not be running.
RoslynAnalysisRunner has terminated.
NullReferenceException: Object reference not set to an instance of an object
  at Unity.XR.Oculus.OculusLoader.AssetPathToAbsolutePath (System.String assetPath) [0x0004c] in C:\Projects\games-prototypes-vr\SpaceFight\Library\PackageCache\com.unity.xr.oculus@1.7.0\Runtime\OculusLoader.cs:243 
  at Unity.XR.Oculus.OculusLoader.EditorLoadOVRPlugin () [0x000b0] in C:\Projects\games-prototypes-vr\SpaceFight\Library\PackageCache\com.unity.xr.oculus@1.7.0\Runtime\OculusLoader.cs:228 

(Filename: Library/PackageCache/com.unity.xr.oculus@1.7.0/Runtime/OculusLoader.cs Line: 243)

Mono: successfully reloaded assembly
- Completed reload, in  1.009 seconds
Platform modules already initialized, skipping
========================================================================
Worker process is ready to serve import requests
Shader 'Universal Render Pipeline/Particles/Lit': fallback shader 'Universal Render Pipeline/Particles/SimpleLit' not found
Launched and connected shader compiler UnityShaderCompiler.exe after 0.05 seconds
Refreshing native plugins compatible for Editor in 0.63 ms, found 3 plugins.
Preloading 1 native plugins for Editor in 0.07 ms.
Unloading 3091 Unused Serialized files (Serialized files now loaded: 0)
System memory in use before: 137.1 MB.
System memory in use after: 137.3 MB.

Unloading 13 unused Assets to reduce memory usage. Loaded Objects now: 3544.
Total: 2.718800 ms (FindLiveObjects: 0.380000 ms CreateObjectMapping: 0.093300 ms MarkObjects: 2.166300 ms  DeleteObjects: 0.078200 ms)

========================================================================
Received Import Request.
  path: Assets/Kugushev/ScriptableObjects/Orders Player Commander.asset
  artifactKey: Guid(c2930a428602cc443901b922d905f9d4) Importer(815301076,1909f56bfc062723c751e8b465ee728b)
Start importing Assets/Kugushev/ScriptableObjects/Orders Player Commander.asset using Guid(c2930a428602cc443901b922d905f9d4) Importer(815301076,1909f56bfc062723c751e8b465ee728b)  -> (artifact id: 'e13ba46f5aab8bce064a1a3865aee3ee') in 0.040212 seconds
  Import took 0.044966 seconds .

========================================================================
Received Prepare
Registering precompiled user dll's ...
Registered in 0.002583 seconds.
Begin MonoManager ReloadAssembly
Native extension for WindowsStandalone target not found
Refreshing native plugins compatible for Editor in 0.65 ms, found 3 plugins.
Preloading 1 native plugins for Editor in 0.08 ms.
Invoked RoslynAnalysisRunner static constructor.
RoslynAnalysisRunner will not be running.
RoslynAnalysisRunner has terminated.
NullReferenceException: Object reference not set to an instance of an object
  at Unity.XR.Oculus.OculusLoader.AssetPathToAbsolutePath (System.String assetPath) [0x0004c] in C:\Projects\games-prototypes-vr\SpaceFight\Library\PackageCache\com.unity.xr.oculus@1.7.0\Runtime\OculusLoader.cs:243 
  at Unity.XR.Oculus.OculusLoader.EditorLoadOVRPlugin () [0x000b0] in C:\Projects\games-prototypes-vr\SpaceFight\Library\PackageCache\com.unity.xr.oculus@1.7.0\Runtime\OculusLoader.cs:228 

(Filename: Library/PackageCache/com.unity.xr.oculus@1.7.0/Runtime/OculusLoader.cs Line: 243)

Mono: successfully reloaded assembly
- Completed reload, in  0.930 seconds
Platform modules already initialized, skipping
Switching build target platform(5) subTarget(0) extendedPlatform(0) -> platform(13) subTarget(536870912) extendedPlatform(0)
Shader 'Universal Render Pipeline/Particles/Lit': fallback shader 'Universal Render Pipeline/Particles/SimpleLit' not found
Refreshing native plugins compatible for Editor in 0.66 ms, found 3 plugins.
Preloading 1 native plugins for Editor in 0.08 ms.
Unloading 2960 Unused Serialized files (Serialized files now loaded: 0)
System memory in use before: 129.4 MB.
System memory in use after: 129.6 MB.

Unloading 6 unused Assets to reduce memory usage. Loaded Objects now: 3547.
Total: 3.104100 ms (FindLiveObjects: 0.361700 ms CreateObjectMapping: 0.085500 ms MarkObjects: 2.631800 ms  DeleteObjects: 0.023800 ms)

AssetImportParameters requested are different than current active one (requested -> active):
  custom:graphics/normal-map-encoding: 01000000000000000000000000000000 -> 02000000000000000000000000000000
========================================================================
Received Prepare
Registering precompiled user dll's ...
Registered in 0.002007 seconds.
Begin MonoManager ReloadAssembly
Native extension for WindowsStandalone target not found
Refreshing native plugins compatible for Editor in 0.68 ms, found 3 plugins.
Preloading 1 native plugins for Editor in 0.08 ms.
Invoked RoslynAnalysisRunner static constructor.
RoslynAnalysisRunner will not be running.
RoslynAnalysisRunner has terminated.
NullReferenceException: Object reference not set to an instance of an object
  at Unity.XR.Oculus.OculusLoader.AssetPathToAbsolutePath (System.String assetPath) [0x0004c] in C:\Projects\games-prototypes-vr\SpaceFight\Library\PackageCache\com.unity.xr.oculus@1.7.0\Runtime\OculusLoader.cs:243 
  at Unity.XR.Oculus.OculusLoader.EditorLoadOVRPlugin () [0x000b0] in C:\Projects\games-prototypes-vr\SpaceFight\Library\PackageCache\com.unity.xr.oculus@1.7.0\Runtime\OculusLoader.cs:228 

(Filename: Library/PackageCache/com.unity.xr.oculus@1.7.0/Runtime/OculusLoader.cs Line: 243)

Mono: successfully reloaded assembly
- Completed reload, in  0.924 seconds
Platform modules already initialized, skipping
Switching build target platform(5) subTarget(0) extendedPlatform(0) -> platform(13) subTarget(536870912) extendedPlatform(0)
Shader 'Universal Render Pipeline/Particles/Lit': fallback shader 'Universal Render Pipeline/Particles/SimpleLit' not found
Refreshing native plugins compatible for Editor in 0.65 ms, found 3 plugins.
Preloading 1 native plugins for Editor in 0.08 ms.
Unloading 2960 Unused Serialized files (Serialized files now loaded: 0)
System memory in use before: 129.4 MB.
System memory in use after: 129.7 MB.

Unloading 6 unused Assets to reduce memory usage. Loaded Objects now: 3550.
Total: 2.628600 ms (FindLiveObjects: 0.350600 ms CreateObjectMapping: 0.085900 ms MarkObjects: 2.171500 ms  DeleteObjects: 0.019400 ms)

AssetImportParameters requested are different than current active one (requested -> active):
  custom:graphics/normal-map-encoding: 01000000000000000000000000000000 -> 02000000000000000000000000000000
========================================================================
Received Import Request.
  Time since last request: 65.592832 seconds.
  path: Assets/Kugushev/ScriptableObjects/AI/Simple AI (Red).asset
  artifactKey: Guid(5690afa5836640e4693477327aaeb7f4) Importer(815301076,1909f56bfc062723c751e8b465ee728b)
Start importing Assets/Kugushev/ScriptableObjects/AI/Simple AI (Red).asset using Guid(5690afa5836640e4693477327aaeb7f4) Importer(815301076,1909f56bfc062723c751e8b465ee728b)  -> (artifact id: '956416cb2bdde4d502705c8f2e9caa92') in 0.026238 seconds
  Import took 0.031233 seconds .

========================================================================
Received Import Request.
  Time since last request: 0.482826 seconds.
  path: Assets/Kugushev/ScriptableObjects/AI/Simple AI (Red).asset
  artifactKey: Guid(5690afa5836640e4693477327aaeb7f4) Importer(815301076,1909f56bfc062723c751e8b465ee728b)
Start importing Assets/Kugushev/ScriptableObjects/AI/Simple AI (Red).asset using Guid(5690afa5836640e4693477327aaeb7f4) Importer(815301076,1909f56bfc062723c751e8b465ee728b)  -> (artifact id: 'd3897f5569b1eec6e1652b6225bbee21') in 0.004781 seconds
  Import took 0.009276 seconds .

========================================================================
Received Prepare
Registering precompiled user dll's ...
Registered in 0.002064 seconds.
Begin MonoManager ReloadAssembly
Native extension for WindowsStandalone target not found
Refreshing native plugins compatible for Editor in 0.67 ms, found 3 plugins.
Preloading 1 native plugins for Editor in 0.08 ms.
Invoked RoslynAnalysisRunner static constructor.
RoslynAnalysisRunner will not be running.
RoslynAnalysisRunner has terminated.
NullReferenceException: Object reference not set to an instance of an object
  at Unity.XR.Oculus.OculusLoader.AssetPathToAbsolutePath (System.String assetPath) [0x0004c] in C:\Projects\games-prototypes-vr\SpaceFight\Library\PackageCache\com.unity.xr.oculus@1.7.0\Runtime\OculusLoader.cs:243 
  at Unity.XR.Oculus.OculusLoader.EditorLoadOVRPlugin () [0x000b0] in C:\Projects\games-prototypes-vr\SpaceFight\Library\PackageCache\com.unity.xr.oculus@1.7.0\Runtime\OculusLoader.cs:228 

(Filename: Library/PackageCache/com.unity.xr.oculus@1.7.0/Runtime/OculusLoader.cs Line: 243)

Mono: successfully reloaded assembly
- Completed reload, in  0.954 seconds
Platform modules already initialized, skipping
Switching build target platform(5) subTarget(0) extendedPlatform(0) -> platform(13) subTarget(536870912) extendedPlatform(0)
Shader 'Universal Render Pipeline/Particles/Lit': fallback shader 'Universal Render Pipeline/Particles/SimpleLit' not found
Refreshing native plugins compatible for Editor in 0.64 ms, found 3 plugins.
Preloading 1 native plugins for Editor in 0.07 ms.
Unloading 2960 Unused Serialized files (Serialized files now loaded: 0)
System memory in use before: 129.5 MB.
System memory in use after: 129.7 MB.

Unloading 6 unused Assets to reduce memory usage. Loaded Objects now: 3553.
Total: 2.318200 ms (FindLiveObjects: 0.332700 ms CreateObjectMapping: 0.086500 ms MarkObjects: 1.882300 ms  DeleteObjects: 0.016000 ms)

AssetImportParameters requested are different than current active one (requested -> active):
  custom:graphics/normal-map-encoding: 01000000000000000000000000000000 -> 02000000000000000000000000000000
========================================================================
Received Prepare
Registering precompiled user dll's ...
Registered in 0.002049 seconds.
Begin MonoManager ReloadAssembly
Native extension for WindowsStandalone target not found
Refreshing native plugins compatible for Editor in 0.66 ms, found 3 plugins.
Preloading 1 native plugins for Editor in 0.08 ms.
Invoked RoslynAnalysisRunner static constructor.
RoslynAnalysisRunner will not be running.
RoslynAnalysisRunner has terminated.
NullReferenceException: Object reference not set to an instance of an object
  at Unity.XR.Oculus.OculusLoader.AssetPathToAbsolutePath (System.String assetPath) [0x0004c] in C:\Projects\games-prototypes-vr\SpaceFight\Library\PackageCache\com.unity.xr.oculus@1.7.0\Runtime\OculusLoader.cs:243 
  at Unity.XR.Oculus.OculusLoader.EditorLoadOVRPlugin () [0x000b0] in C:\Projects\games-prototypes-vr\SpaceFight\Library\PackageCache\com.unity.xr.oculus@1.7.0\Runtime\OculusLoader.cs:228 

(Filename: Library/PackageCache/com.unity.xr.oculus@1.7.0/Runtime/OculusLoader.cs Line: 243)

Mono: successfully reloaded assembly
- Completed reload, in  0.910 seconds
Platform modules already initialized, skipping
Switching build target platform(5) subTarget(0) extendedPlatform(0) -> platform(13) subTarget(536870912) extendedPlatform(0)
Shader 'Universal Render Pipeline/Particles/Lit': fallback shader 'Universal Render Pipeline/Particles/SimpleLit' not found
Refreshing native plugins compatible for Editor in 0.65 ms, found 3 plugins.
Preloading 1 native plugins for Editor in 0.07 ms.
Unloading 2961 Unused Serialized files (Serialized files now loaded: 0)
System memory in use before: 129.5 MB.
System memory in use after: 129.8 MB.

Unloading 6 unused Assets to reduce memory usage. Loaded Objects now: 3557.
Total: 2.384500 ms (FindLiveObjects: 0.336100 ms CreateObjectMapping: 0.085300 ms MarkObjects: 1.945500 ms  DeleteObjects: 0.016700 ms)

AssetImportParameters requested are different than current active one (requested -> active):
  custom:graphics/normal-map-encoding: 01000000000000000000000000000000 -> 02000000000000000000000000000000
========================================================================
Received Prepare
Registering precompiled user dll's ...
Registered in 0.001938 seconds.
Begin MonoManager ReloadAssembly
Native extension for WindowsStandalone target not found
Refreshing native plugins compatible for Editor in 0.66 ms, found 3 plugins.
Preloading 1 native plugins for Editor in 0.08 ms.
Invoked RoslynAnalysisRunner static constructor.
RoslynAnalysisRunner will not be running.
RoslynAnalysisRunner has terminated.
NullReferenceException: Object reference not set to an instance of an object
  at Unity.XR.Oculus.OculusLoader.AssetPathToAbsolutePath (System.String assetPath) [0x0004c] in C:\Projects\games-prototypes-vr\SpaceFight\Library\PackageCache\com.unity.xr.oculus@1.7.0\Runtime\OculusLoader.cs:243 
  at Unity.XR.Oculus.OculusLoader.EditorLoadOVRPlugin () [0x000b0] in C:\Projects\games-prototypes-vr\SpaceFight\Library\PackageCache\com.unity.xr.oculus@1.7.0\Runtime\OculusLoader.cs:228 

(Filename: Library/PackageCache/com.unity.xr.oculus@1.7.0/Runtime/OculusLoader.cs Line: 243)

Mono: successfully reloaded assembly
- Completed reload, in  0.888 seconds
Platform modules already initialized, skipping
Switching build target platform(5) subTarget(0) extendedPlatform(0) -> platform(13) subTarget(536870912) extendedPlatform(0)
Shader 'Universal Render Pipeline/Particles/Lit': fallback shader 'Universal Render Pipeline/Particles/SimpleLit' not found
Refreshing native plugins compatible for Editor in 0.64 ms, found 3 plugins.
Preloading 1 native plugins for Editor in 0.07 ms.
Unloading 2961 Unused Serialized files (Serialized files now loaded: 0)
System memory in use before: 129.5 MB.
System memory in use after: 129.8 MB.

Unloading 6 unused Assets to reduce memory usage. Loaded Objects now: 3560.
Total: 2.339300 ms (FindLiveObjects: 0.340400 ms CreateObjectMapping: 0.080900 ms MarkObjects: 1.902100 ms  DeleteObjects: 0.015000 ms)

AssetImportParameters requested are different than current active one (requested -> active):
  custom:graphics/normal-map-encoding: 01000000000000000000000000000000 -> 02000000000000000000000000000000
========================================================================
Received Import Request.
  Time since last request: 768.114753 seconds.
  path: Assets/Kugushev/Scenes/TestingScene.unity
  artifactKey: Guid(9279637eefa32e74eb9c293e742cb1b4) Importer(815301076,1909f56bfc062723c751e8b465ee728b)
Start importing Assets/Kugushev/Scenes/TestingScene.unity using Guid(9279637eefa32e74eb9c293e742cb1b4) Importer(815301076,1909f56bfc062723c751e8b465ee728b)  -> (artifact id: 'e00f9f950aad8a8a74327ff99951d516') in 0.013618 seconds
  Import took 0.018266 seconds .

========================================================================
Received Import Request.
  Time since last request: 103.519013 seconds.
  path: Assets/Kugushev/Scenes/MissionBriefingScene.unity
  artifactKey: Guid(d0a4aebf9c7d08348a723cb769160605) Importer(815301076,1909f56bfc062723c751e8b465ee728b)
Start importing Assets/Kugushev/Scenes/MissionBriefingScene.unity using Guid(d0a4aebf9c7d08348a723cb769160605) Importer(815301076,1909f56bfc062723c751e8b465ee728b)  -> (artifact id: '9b9a0e13d1d10c9f9681289c55a513c1') in 0.002082 seconds
  Import took 0.006447 seconds .

========================================================================
Received Import Request.
  Time since last request: 0.933916 seconds.
  path: Assets/Kugushev/Scenes/MissionScene.unity
  artifactKey: Guid(31afbd9f2e3ae054288ae5e1f06c433c) Importer(815301076,1909f56bfc062723c751e8b465ee728b)
Start importing Assets/Kugushev/Scenes/MissionScene.unity using Guid(31afbd9f2e3ae054288ae5e1f06c433c) Importer(815301076,1909f56bfc062723c751e8b465ee728b)  -> (artifact id: '16efed6219a3c47eebe2057bd6af026b') in 0.001842 seconds
  Import took 0.006539 seconds .

========================================================================
Received Prepare
Shader 'Universal Render Pipeline/Particles/Lit': fallback shader 'Universal Render Pipeline/Particles/SimpleLit' not found
Refreshing native plugins compatible for Editor in 1.24 ms, found 3 plugins.
Preloading 1 native plugins for Editor in 0.07 ms.
Unloading 3 Unused Serialized files (Serialized files now loaded: 0)
System memory in use before: 71.9 MB.
System memory in use after: 72.1 MB.

Unloading 3 unused Assets to reduce memory usage. Loaded Objects now: 3560.
Total: 3.241500 ms (FindLiveObjects: 0.369000 ms CreateObjectMapping: 0.088000 ms MarkObjects: 2.763400 ms  DeleteObjects: 0.019600 ms)

========================================================================
Received Import Request.
  Time since last request: 240.889787 seconds.
  path: Assets/Kugushev/ScriptableObjects/Planets/Mars.asset
  artifactKey: Guid(fa68e6e61942d5e40b0cef213b049d4a) Importer(815301076,1909f56bfc062723c751e8b465ee728b)
Start importing Assets/Kugushev/ScriptableObjects/Planets/Mars.asset using Guid(fa68e6e61942d5e40b0cef213b049d4a) Importer(815301076,1909f56bfc062723c751e8b465ee728b)  -> (artifact id: '7e121ae0fd8e23afcfce8df0d12840d9') in 0.005425 seconds
  Import took 0.010784 seconds .

========================================================================
Received Import Request.
  Time since last request: 32.256470 seconds.
  path: Assets/Kugushev/ScriptableObjects/Planets/Mercury.asset
  artifactKey: Guid(b981c22e0cd8bce43a1a981052be8471) Importer(815301076,1909f56bfc062723c751e8b465ee728b)
Start importing Assets/Kugushev/ScriptableObjects/Planets/Mercury.asset using Guid(b981c22e0cd8bce43a1a981052be8471) Importer(815301076,1909f56bfc062723c751e8b465ee728b)  -> (artifact id: '68a2fdf0514ac3a56baaa30846c96b0a') in 0.002341 seconds
  Import took 0.006794 seconds .

========================================================================
Received Import Request.
  Time since last request: 16.179884 seconds.
  path: Assets/Kugushev/ScriptableObjects/Planets/Earth.asset
  artifactKey: Guid(3ba64f1217815a342b07068ef4b279a0) Importer(815301076,1909f56bfc062723c751e8b465ee728b)
Start importing Assets/Kugushev/ScriptableObjects/Planets/Earth.asset using Guid(3ba64f1217815a342b07068ef4b279a0) Importer(815301076,1909f56bfc062723c751e8b465ee728b)  -> (artifact id: 'c697860c2cffa793f61d6e719c4ecfec') in 0.004076 seconds
  Import took 0.008475 seconds .

========================================================================
Received Prepare
Registering precompiled user dll's ...
Registered in 0.007723 seconds.
Begin MonoManager ReloadAssembly
Native extension for WindowsStandalone target not found
Refreshing native plugins compatible for Editor in 0.68 ms, found 3 plugins.
Preloading 1 native plugins for Editor in 0.08 ms.
Invoked RoslynAnalysisRunner static constructor.
RoslynAnalysisRunner will not be running.
RoslynAnalysisRunner has terminated.
NullReferenceException: Object reference not set to an instance of an object
  at Unity.XR.Oculus.OculusLoader.AssetPathToAbsolutePath (System.String assetPath) [0x0004c] in C:\Projects\games-prototypes-vr\SpaceFight\Library\PackageCache\com.unity.xr.oculus@1.7.0\Runtime\OculusLoader.cs:243 
  at Unity.XR.Oculus.OculusLoader.EditorLoadOVRPlugin () [0x000b0] in C:\Projects\games-prototypes-vr\SpaceFight\Library\PackageCache\com.unity.xr.oculus@1.7.0\Runtime\OculusLoader.cs:228 

(Filename: Library/PackageCache/com.unity.xr.oculus@1.7.0/Runtime/OculusLoader.cs Line: 243)

Mono: successfully reloaded assembly
- Completed reload, in  0.895 seconds
Platform modules already initialized, skipping
Switching build target platform(5) subTarget(0) extendedPlatform(0) -> platform(13) subTarget(536870912) extendedPlatform(0)
Shader 'Universal Render Pipeline/Particles/Lit': fallback shader 'Universal Render Pipeline/Particles/SimpleLit' not found
Refreshing native plugins compatible for Editor in 0.64 ms, found 3 plugins.
Preloading 1 native plugins for Editor in 0.07 ms.
Unloading 2961 Unused Serialized files (Serialized files now loaded: 0)
System memory in use before: 129.6 MB.
System memory in use after: 129.8 MB.

Unloading 6 unused Assets to reduce memory usage. Loaded Objects now: 3563.
Total: 2.988600 ms (FindLiveObjects: 0.314800 ms CreateObjectMapping: 0.086200 ms MarkObjects: 2.570000 ms  DeleteObjects: 0.016500 ms)

AssetImportParameters requested are different than current active one (requested -> active):
  custom:graphics/normal-map-encoding: 01000000000000000000000000000000 -> 02000000000000000000000000000000
========================================================================
Received Prepare
Registering precompiled user dll's ...
Registered in 0.002003 seconds.
Begin MonoManager ReloadAssembly
Native extension for WindowsStandalone target not found
Refreshing native plugins compatible for Editor in 0.67 ms, found 3 plugins.
Preloading 1 native plugins for Editor in 0.08 ms.
Invoked RoslynAnalysisRunner static constructor.
RoslynAnalysisRunner will not be running.
RoslynAnalysisRunner has terminated.
NullReferenceException: Object reference not set to an instance of an object
  at Unity.XR.Oculus.OculusLoader.AssetPathToAbsolutePath (System.String assetPath) [0x0004c] in C:\Projects\games-prototypes-vr\SpaceFight\Library\PackageCache\com.unity.xr.oculus@1.7.0\Runtime\OculusLoader.cs:243 
  at Unity.XR.Oculus.OculusLoader.EditorLoadOVRPlugin () [0x000b0] in C:\Projects\games-prototypes-vr\SpaceFight\Library\PackageCache\com.unity.xr.oculus@1.7.0\Runtime\OculusLoader.cs:228 

(Filename: Library/PackageCache/com.unity.xr.oculus@1.7.0/Runtime/OculusLoader.cs Line: 243)

Mono: successfully reloaded assembly
- Completed reload, in  0.918 seconds
Platform modules already initialized, skipping
Switching build target platform(5) subTarget(0) extendedPlatform(0) -> platform(13) subTarget(536870912) extendedPlatform(0)
Shader 'Universal Render Pipeline/Particles/Lit': fallback shader 'Universal Render Pipeline/Particles/SimpleLit' not found
Refreshing native plugins compatible for Editor in 0.66 ms, found 3 plugins.
Preloading 1 native plugins for Editor in 0.08 ms.
Unloading 2961 Unused Serialized files (Serialized files now loaded: 0)
System memory in use before: 129.6 MB.
System memory in use after: 129.8 MB.

Unloading 6 unused Assets to reduce memory usage. Loaded Objects now: 3566.
Total: 2.420000 ms (FindLiveObjects: 0.352100 ms CreateObjectMapping: 0.088500 ms MarkObjects: 1.961100 ms  DeleteObjects: 0.017400 ms)

AssetImportParameters requested are different than current active one (requested -> active):
  custom:graphics/normal-map-encoding: 01000000000000000000000000000000 -> 02000000000000000000000000000000
========================================================================
Received Import Request.
  Time since last request: 134.582861 seconds.
  path: Assets/Kugushev/ScriptableObjects/Planets/Earth.asset
  artifactKey: Guid(3ba64f1217815a342b07068ef4b279a0) Importer(815301076,1909f56bfc062723c751e8b465ee728b)
Start importing Assets/Kugushev/ScriptableObjects/Planets/Earth.asset using Guid(3ba64f1217815a342b07068ef4b279a0) Importer(815301076,1909f56bfc062723c751e8b465ee728b)  -> (artifact id: '9514a6382559ffdf9135536c87edebd3') in 0.016655 seconds
  Import took 0.021600 seconds .

========================================================================
Received Import Request.
  Time since last request: 1.591350 seconds.
  path: Assets/Kugushev/ScriptableObjects/Planets/Venus.asset
  artifactKey: Guid(0c7bd902c28945e4994e0aca832a6253) Importer(815301076,1909f56bfc062723c751e8b465ee728b)
Start importing Assets/Kugushev/ScriptableObjects/Planets/Venus.asset using Guid(0c7bd902c28945e4994e0aca832a6253) Importer(815301076,1909f56bfc062723c751e8b465ee728b)  -> (artifact id: '79ab87d749bb72e14a896f3baaefb1a8') in 0.001967 seconds
  Import took 0.006105 seconds .

========================================================================
Received Import Request.
  Time since last request: 2.597940 seconds.
  path: Assets/Kugushev/ScriptableObjects/Planets/Saturn.asset
  artifactKey: Guid(b6c20792b8d4db0449f2f4c5fa4dda64) Importer(815301076,1909f56bfc062723c751e8b465ee728b)
Start importing Assets/Kugushev/ScriptableObjects/Planets/Saturn.asset using Guid(b6c20792b8d4db0449f2f4c5fa4dda64) Importer(815301076,1909f56bfc062723c751e8b465ee728b)  -> (artifact id: '95e60699346c4056010b383b71044c60') in 0.002282 seconds
  Import took 0.006569 seconds .

========================================================================
Received Import Request.
  Time since last request: 1.154336 seconds.
  path: Assets/Kugushev/ScriptableObjects/Planets/Mars.asset
  artifactKey: Guid(fa68e6e61942d5e40b0cef213b049d4a) Importer(815301076,1909f56bfc062723c751e8b465ee728b)
Start importing Assets/Kugushev/ScriptableObjects/Planets/Mars.asset using Guid(fa68e6e61942d5e40b0cef213b049d4a) Importer(815301076,1909f56bfc062723c751e8b465ee728b)  -> (artifact id: 'fd8a392aaed1144dcc29d62b060b416a') in 0.001931 seconds
  Import took 0.006074 seconds .

========================================================================
Received Import Request.
  Time since last request: 55.218001 seconds.
  path: Assets/Kugushev/ScriptableObjects/Planets/Jupiter.asset
  artifactKey: Guid(be65f426e9a5a3b49be192e93ad7fb9b) Importer(815301076,1909f56bfc062723c751e8b465ee728b)
Start importing Assets/Kugushev/ScriptableObjects/Planets/Jupiter.asset using Guid(be65f426e9a5a3b49be192e93ad7fb9b) Importer(815301076,1909f56bfc062723c751e8b465ee728b)  -> (artifact id: 'f10df70aa8244e375946b5358173f1b3') in 0.002321 seconds
  Import took 0.006573 seconds .

========================================================================
Received Import Request.
  Time since last request: 2.158503 seconds.
  path: Assets/Kugushev/ScriptableObjects/Planets/Jupiter.asset
  artifactKey: Guid(be65f426e9a5a3b49be192e93ad7fb9b) Importer(815301076,1909f56bfc062723c751e8b465ee728b)
Start importing Assets/Kugushev/ScriptableObjects/Planets/Jupiter.asset using Guid(be65f426e9a5a3b49be192e93ad7fb9b) Importer(815301076,1909f56bfc062723c751e8b465ee728b)  -> (artifact id: 'afd9315ae133fd98c6e6d497dae34754') in 0.003571 seconds
  Import took 0.007681 seconds .

========================================================================
Received Import Request.
  Time since last request: 6.952556 seconds.
  path: Assets/Kugushev/ScriptableObjects/Planets/Saturn.asset
  artifactKey: Guid(b6c20792b8d4db0449f2f4c5fa4dda64) Importer(815301076,1909f56bfc062723c751e8b465ee728b)
Start importing Assets/Kugushev/ScriptableObjects/Planets/Saturn.asset using Guid(b6c20792b8d4db0449f2f4c5fa4dda64) Importer(815301076,1909f56bfc062723c751e8b465ee728b)  -> (artifact id: '9133debf10c96561d0af923faca0fa09') in 0.002011 seconds
  Import took 0.006119 seconds .

========================================================================
Received Prepare
Shader 'Universal Render Pipeline/Particles/Lit': fallback shader 'Universal Render Pipeline/Particles/SimpleLit' not found
Refreshing native plugins compatible for Editor in 1.27 ms, found 3 plugins.
Preloading 1 native plugins for Editor in 0.07 ms.
Unloading 3 Unused Serialized files (Serialized files now loaded: 0)
System memory in use before: 71.9 MB.
System memory in use after: 72.1 MB.

Unloading 3 unused Assets to reduce memory usage. Loaded Objects now: 3566.
Total: 3.086500 ms (FindLiveObjects: 0.433000 ms CreateObjectMapping: 0.088400 ms MarkObjects: 2.544800 ms  DeleteObjects: 0.019200 ms)

AssetImportWorkerClient::OnTransportError - code=2 error=End of file
