Using pre-set license
Built from '2020.2/release' branch; Version is '2020.2.1f1 (270dd8c3da1c) revision 2559448'; Using compiler version '192528614'; Build Type 'Release'
OS: 'Windows 10  (10.0.0) 64bit' Language: 'en' Physical Memory: 16335 MB
BatchMode: 1, IsHumanControllingUs: 0, StartBugReporterOnCrash: 0, Is64bit: 1, IsPro: 0

 COMMAND LINE ARGUMENTS:
C:\Program Files\Unity\Hub\Editor\2020.2.1f1\Editor\Unity.exe
-adb2
-batchMode
-noUpm
-name
AssetImportWorker1
-projectPath
C:/Projects/games-prototypes-vr/SpaceFight
-logFile
Logs/AssetImportWorker1.log
-srvPort
62548
Successfully changed project path to: C:/Projects/games-prototypes-vr/SpaceFight
C:/Projects/games-prototypes-vr/SpaceFight
Using Asset Import Pipeline V2.
Refreshing native plugins compatible for Editor in 64.88 ms, found 3 plugins.
Preloading 1 native plugins for Editor in 0.72 ms.
Initialize engine version: 2020.2.1f1 (270dd8c3da1c)
[Subsystems] Discovering subsystems at path C:/Program Files/Unity/Hub/Editor/2020.2.1f1/Editor/Data/Resources/UnitySubsystems
[Subsystems] Discovering subsystems at path C:/Projects/games-prototypes-vr/SpaceFight/Assets
GfxDevice: creating device client; threaded=0
Direct3D:
    Version:  Direct3D 11.0 [level 11.1]
    Renderer: NVIDIA GeForce GTX 1060 6GB (ID=0x1c03)
    Vendor:   
    VRAM:     6052 MB
    Driver:   27.21.14.6109
Shader 'Universal Render Pipeline/Particles/Lit': fallback shader 'Universal Render Pipeline/Particles/SimpleLit' not found
Initialize mono
Mono path[0] = 'C:/Program Files/Unity/Hub/Editor/2020.2.1f1/Editor/Data/Managed'
Mono path[1] = 'C:/Program Files/Unity/Hub/Editor/2020.2.1f1/Editor/Data/MonoBleedingEdge/lib/mono/unityjit'
Mono config path = 'C:/Program Files/Unity/Hub/Editor/2020.2.1f1/Editor/Data/MonoBleedingEdge/etc'
Using monoOptions --debugger-agent=transport=dt_socket,embedding=1,server=y,suspend=n,address=127.0.0.1:56160
Begin MonoManager ReloadAssembly
Registering precompiled unity dll's ...
Register platform support module: C:/Program Files/Unity/Hub/Editor/2020.2.1f1/Editor/Data/PlaybackEngines/WindowsStandaloneSupport/UnityEditor.WindowsStandalone.Extensions.dll
Registered in 0.001407 seconds.
Native extension for WindowsStandalone target not found
Refreshing native plugins compatible for Editor in 56.64 ms, found 3 plugins.
Preloading 1 native plugins for Editor in 0.07 ms.
Invoked RoslynAnalysisRunner static constructor.
RoslynAnalysisRunner will not be running.
RoslynAnalysisRunner has terminated.
Mono: successfully reloaded assembly
- Completed reload, in  2.234 seconds
Platform modules already initialized, skipping
Registering precompiled user dll's ...
Registered in 0.002365 seconds.
Begin MonoManager ReloadAssembly
Native extension for WindowsStandalone target not found
Refreshing native plugins compatible for Editor in 54.59 ms, found 3 plugins.
Preloading 1 native plugins for Editor in 0.07 ms.
Invoked RoslynAnalysisRunner static constructor.
RoslynAnalysisRunner will not be running.
RoslynAnalysisRunner has terminated.
NullReferenceException: Object reference not set to an instance of an object
  at Unity.XR.Oculus.OculusLoader.AssetPathToAbsolutePath (System.String assetPath) [0x0004c] in C:\Projects\games-prototypes-vr\SpaceFight\Library\PackageCache\com.unity.xr.oculus@1.6.1\Runtime\OculusLoader.cs:242 
  at Unity.XR.Oculus.OculusLoader.EditorLoadOVRPlugin () [0x000b0] in C:\Projects\games-prototypes-vr\SpaceFight\Library\PackageCache\com.unity.xr.oculus@1.6.1\Runtime\OculusLoader.cs:227 

(Filename: Library/PackageCache/com.unity.xr.oculus@1.6.1/Runtime/OculusLoader.cs Line: 242)

Mono: successfully reloaded assembly
- Completed reload, in  1.063 seconds
Platform modules already initialized, skipping
========================================================================
Worker process is ready to serve import requests
Shader 'Universal Render Pipeline/Particles/Lit': fallback shader 'Universal Render Pipeline/Particles/SimpleLit' not found
Launched and connected shader compiler UnityShaderCompiler.exe after 0.05 seconds
Refreshing native plugins compatible for Editor in 0.69 ms, found 3 plugins.
Preloading 1 native plugins for Editor in 0.10 ms.
Unloading 3073 Unused Serialized files (Serialized files now loaded: 0)
System memory in use before: 136.8 MB.
System memory in use after: 137.0 MB.

Unloading 14 unused Assets to reduce memory usage. Loaded Objects now: 3525.
Total: 2.588700 ms (FindLiveObjects: 0.364800 ms CreateObjectMapping: 0.095500 ms MarkObjects: 2.067300 ms  DeleteObjects: 0.059800 ms)

========================================================================
Received Import Request.
  path: Assets/Kugushev/ScriptableObjects/Fleet Manager.asset
  artifactKey: Guid(610ef38f2dfd1284f9a9bb436330e682) Importer(815301076,1909f56bfc062723c751e8b465ee728b)
Start importing Assets/Kugushev/ScriptableObjects/Fleet Manager.asset using Guid(610ef38f2dfd1284f9a9bb436330e682) Importer(815301076,1909f56bfc062723c751e8b465ee728b)  -> (artifact id: '09714b1c4467b50448ae11c824c949cd') in 0.041688 seconds
  Import took 0.047423 seconds .

========================================================================
Received Import Request.
  Time since last request: 122.510320 seconds.
  path: Assets/Kugushev/Prefabs/Army.prefab
  artifactKey: Guid(d539801e18fb22a43bf26928058f2afc) Importer(815301076,1909f56bfc062723c751e8b465ee728b)
Start importing Assets/Kugushev/Prefabs/Army.prefab using Guid(d539801e18fb22a43bf26928058f2afc) Importer(815301076,1909f56bfc062723c751e8b465ee728b)  -> (artifact id: 'faf7ea5cc91b7339187e33a518d60d9a') in 0.191991 seconds
  Import took 0.197644 seconds .

========================================================================
Received Prepare
Registering precompiled user dll's ...
Registered in 0.002530 seconds.
Begin MonoManager ReloadAssembly
Native extension for WindowsStandalone target not found
Refreshing native plugins compatible for Editor in 0.71 ms, found 3 plugins.
Preloading 1 native plugins for Editor in 0.11 ms.
Invoked RoslynAnalysisRunner static constructor.
RoslynAnalysisRunner will not be running.
RoslynAnalysisRunner has terminated.
NullReferenceException: Object reference not set to an instance of an object
  at Unity.XR.Oculus.OculusLoader.AssetPathToAbsolutePath (System.String assetPath) [0x0004c] in C:\Projects\games-prototypes-vr\SpaceFight\Library\PackageCache\com.unity.xr.oculus@1.6.1\Runtime\OculusLoader.cs:242 
  at Unity.XR.Oculus.OculusLoader.EditorLoadOVRPlugin () [0x000b0] in C:\Projects\games-prototypes-vr\SpaceFight\Library\PackageCache\com.unity.xr.oculus@1.6.1\Runtime\OculusLoader.cs:227 

(Filename: Library/PackageCache/com.unity.xr.oculus@1.6.1/Runtime/OculusLoader.cs Line: 242)

Mono: successfully reloaded assembly
- Completed reload, in  1.038 seconds
Platform modules already initialized, skipping
Shader 'Universal Render Pipeline/Particles/Lit': fallback shader 'Universal Render Pipeline/Particles/SimpleLit' not found
Refreshing native plugins compatible for Editor in 0.71 ms, found 3 plugins.
Preloading 1 native plugins for Editor in 0.08 ms.
Unloading 2941 Unused Serialized files (Serialized files now loaded: 0)
System memory in use before: 136.8 MB.
System memory in use after: 137.0 MB.

Unloading 7 unused Assets to reduce memory usage. Loaded Objects now: 3574.
Total: 3.239200 ms (FindLiveObjects: 0.383700 ms CreateObjectMapping: 0.122400 ms MarkObjects: 2.712900 ms  DeleteObjects: 0.018500 ms)

========================================================================
Received Import Request.
  Time since last request: 213.510977 seconds.
  path: Assets/Kugushev/ScriptableObjects/Orders Manager Left Hand.asset
  artifactKey: Guid(96471764dcf2e0543b6363439ded1890) Importer(815301076,1909f56bfc062723c751e8b465ee728b)
Start importing Assets/Kugushev/ScriptableObjects/Orders Manager Left Hand.asset using Guid(96471764dcf2e0543b6363439ded1890) Importer(815301076,1909f56bfc062723c751e8b465ee728b)  -> (artifact id: '9067e6a75708a3cd1dbbae53e0a841ab') in 0.019924 seconds
  Import took 0.024857 seconds .

========================================================================
Received Prepare
Registering precompiled user dll's ...
Registered in 0.003305 seconds.
Begin MonoManager ReloadAssembly
Native extension for WindowsStandalone target not found
Refreshing native plugins compatible for Editor in 1.16 ms, found 3 plugins.
Preloading 1 native plugins for Editor in 0.08 ms.
Invoked RoslynAnalysisRunner static constructor.
RoslynAnalysisRunner will not be running.
RoslynAnalysisRunner has terminated.
NullReferenceException: Object reference not set to an instance of an object
  at Unity.XR.Oculus.OculusLoader.AssetPathToAbsolutePath (System.String assetPath) [0x0004c] in C:\Projects\games-prototypes-vr\SpaceFight\Library\PackageCache\com.unity.xr.oculus@1.6.1\Runtime\OculusLoader.cs:242 
  at Unity.XR.Oculus.OculusLoader.EditorLoadOVRPlugin () [0x000b0] in C:\Projects\games-prototypes-vr\SpaceFight\Library\PackageCache\com.unity.xr.oculus@1.6.1\Runtime\OculusLoader.cs:227 

(Filename: Library/PackageCache/com.unity.xr.oculus@1.6.1/Runtime/OculusLoader.cs Line: 242)

Mono: successfully reloaded assembly
- Completed reload, in  1.155 seconds
Platform modules already initialized, skipping
Shader 'Universal Render Pipeline/Particles/Lit': fallback shader 'Universal Render Pipeline/Particles/SimpleLit' not found
Refreshing native plugins compatible for Editor in 0.81 ms, found 3 plugins.
Preloading 1 native plugins for Editor in 0.09 ms.
Unloading 2942 Unused Serialized files (Serialized files now loaded: 0)
System memory in use before: 137.9 MB.
System memory in use after: 138.1 MB.

Unloading 7 unused Assets to reduce memory usage. Loaded Objects now: 3577.
Total: 3.423700 ms (FindLiveObjects: 0.607500 ms CreateObjectMapping: 0.120900 ms MarkObjects: 2.668300 ms  DeleteObjects: 0.025600 ms)

========================================================================
Received Prepare
Registering precompiled user dll's ...
Registered in 0.002265 seconds.
Begin MonoManager ReloadAssembly
Native extension for WindowsStandalone target not found
Refreshing native plugins compatible for Editor in 0.73 ms, found 3 plugins.
Preloading 1 native plugins for Editor in 0.10 ms.
Invoked RoslynAnalysisRunner static constructor.
RoslynAnalysisRunner will not be running.
RoslynAnalysisRunner has terminated.
NullReferenceException: Object reference not set to an instance of an object
  at Unity.XR.Oculus.OculusLoader.AssetPathToAbsolutePath (System.String assetPath) [0x0004c] in C:\Projects\games-prototypes-vr\SpaceFight\Library\PackageCache\com.unity.xr.oculus@1.6.1\Runtime\OculusLoader.cs:242 
  at Unity.XR.Oculus.OculusLoader.EditorLoadOVRPlugin () [0x000b0] in C:\Projects\games-prototypes-vr\SpaceFight\Library\PackageCache\com.unity.xr.oculus@1.6.1\Runtime\OculusLoader.cs:227 

(Filename: Library/PackageCache/com.unity.xr.oculus@1.6.1/Runtime/OculusLoader.cs Line: 242)

Mono: successfully reloaded assembly
- Completed reload, in  1.029 seconds
Platform modules already initialized, skipping
Shader 'Universal Render Pipeline/Particles/Lit': fallback shader 'Universal Render Pipeline/Particles/SimpleLit' not found
Refreshing native plugins compatible for Editor in 0.70 ms, found 3 plugins.
Preloading 1 native plugins for Editor in 0.08 ms.
Unloading 2942 Unused Serialized files (Serialized files now loaded: 0)
System memory in use before: 137.9 MB.
System memory in use after: 138.1 MB.

Unloading 7 unused Assets to reduce memory usage. Loaded Objects now: 3580.
Total: 3.219200 ms (FindLiveObjects: 0.377700 ms CreateObjectMapping: 0.237700 ms MarkObjects: 2.581000 ms  DeleteObjects: 0.021800 ms)

========================================================================
Received Prepare
Registering precompiled user dll's ...
Registered in 0.002110 seconds.
Begin MonoManager ReloadAssembly
Native extension for WindowsStandalone target not found
Refreshing native plugins compatible for Editor in 0.73 ms, found 3 plugins.
Preloading 1 native plugins for Editor in 0.08 ms.
Invoked RoslynAnalysisRunner static constructor.
RoslynAnalysisRunner will not be running.
RoslynAnalysisRunner has terminated.
NullReferenceException: Object reference not set to an instance of an object
  at Unity.XR.Oculus.OculusLoader.AssetPathToAbsolutePath (System.String assetPath) [0x0004c] in C:\Projects\games-prototypes-vr\SpaceFight\Library\PackageCache\com.unity.xr.oculus@1.6.1\Runtime\OculusLoader.cs:242 
  at Unity.XR.Oculus.OculusLoader.EditorLoadOVRPlugin () [0x000b0] in C:\Projects\games-prototypes-vr\SpaceFight\Library\PackageCache\com.unity.xr.oculus@1.6.1\Runtime\OculusLoader.cs:227 

(Filename: Library/PackageCache/com.unity.xr.oculus@1.6.1/Runtime/OculusLoader.cs Line: 242)

Mono: successfully reloaded assembly
- Completed reload, in  1.042 seconds
Platform modules already initialized, skipping
Shader 'Universal Render Pipeline/Particles/Lit': fallback shader 'Universal Render Pipeline/Particles/SimpleLit' not found
Refreshing native plugins compatible for Editor in 0.72 ms, found 3 plugins.
Preloading 1 native plugins for Editor in 0.08 ms.
Unloading 2942 Unused Serialized files (Serialized files now loaded: 0)
System memory in use before: 137.9 MB.
System memory in use after: 138.1 MB.

Unloading 7 unused Assets to reduce memory usage. Loaded Objects now: 3583.
Total: 2.616100 ms (FindLiveObjects: 0.383400 ms CreateObjectMapping: 0.090000 ms MarkObjects: 2.121700 ms  DeleteObjects: 0.020000 ms)

========================================================================
Received Import Request.
  Time since last request: 338.311408 seconds.
  path: Assets/Kugushev/ScriptableObjects/Orders Manager Right Hand.asset
  artifactKey: Guid(0bb62fe45467b524db4b7a626dfd356b) Importer(815301076,1909f56bfc062723c751e8b465ee728b)
Start importing Assets/Kugushev/ScriptableObjects/Orders Manager Right Hand.asset using Guid(0bb62fe45467b524db4b7a626dfd356b) Importer(815301076,1909f56bfc062723c751e8b465ee728b)  -> (artifact id: '72a549f2caf9a0e04a974abd593f95ec') in 0.016779 seconds
  Import took 0.022370 seconds .

========================================================================
Received Import Request.
  Time since last request: 142.573097 seconds.
  path: Assets/Kugushev/Scripts/Game/Common/GameConstants.cs
  artifactKey: Guid(d30ba6a033cf40998ef1a5e79dd275b3) Importer(815301076,1909f56bfc062723c751e8b465ee728b)
Start importing Assets/Kugushev/Scripts/Game/Common/GameConstants.cs using Guid(d30ba6a033cf40998ef1a5e79dd275b3) Importer(815301076,1909f56bfc062723c751e8b465ee728b)  -> (artifact id: '7c6c0e3aec8484e5d54f19012faa6311') in 0.005699 seconds
  Import took 0.011207 seconds .

AssetImportWorkerClient::OnTransportError - code=2 error=End of file
