
=== Sun Jan 31 14:41:03 2021

Packages were changed.
Update Mode: updateDependencies

The following packages were updated:
  com.unity.test-framework from version 1.1.19 to 1.1.20

=== Fri Feb 12 20:08:47 2021

Packages were changed.
Update Mode: updateDependencies

The following packages were updated:
  com.unity.xr.oculus from version 1.6.1 to 1.7.0

=== Wed Feb 17 18:56:39 2021

Packages were changed.
Update Mode: updateDependencies

The following packages were updated:
  com.unity.render-pipelines.universal from version 10.2.2 to 10.3.1

=== Mon Mar  1 20:33:48 2021

Packages were changed.
Update Mode: updateDependencies

The following packages were updated:
  com.unity.timeline from version 1.3.6 to 1.4.6
